<?xml version="1.0" encoding="UTF-8"?>
<!-- Generated by org.testng.reporters.JUnitReportReporter -->
<testsuite skipped="0" hostname="igalarza" name="com.igalarza.DemoTestNG" tests="1" failures="0" timestamp="2021-02-18T19:54:48 BOT" time="14.849" errors="0">
  <testcase name="DemoTest" time="14.849" classname="com.igalarza.DemoTestNG"/>
  <system-out/>
</testsuite> <!-- com.igalarza.DemoTestNG -->
