<?xml version="1.0" encoding="UTF-8"?>
<!-- Generated by org.testng.reporters.JUnitReportReporter -->
<testsuite skipped="0" hostname="igalarza" name="com.igalarza.lab6.TestCase1" tests="2" failures="0" timestamp="2021-02-18T21:47:36 BOT" time="9.478" errors="0">
  <testcase name="verificarTitulo" time="4.143" classname="com.igalarza.lab6.TestCase1"/>
  <system-out/>
  <testcase name="validarDashboard" time="5.335" classname="com.igalarza.lab6.TestCase1"/>
  <system-out/>
</testsuite> <!-- com.igalarza.lab6.TestCase1 -->
