<?xml version="1.0" encoding="UTF-8"?>
<!-- Generated by org.testng.reporters.JUnitReportReporter -->
<testsuite skipped="0" hostname="igalarza" name="StepDefinitions.LoginDemoSetps" tests="1" failures="0" timestamp="01 mar 2021 23:22:08 GMT" time="0.059" errors="0">
  <testcase name="feature" time="0.059" classname="StepDefinitions.LoginDemoSetps"/>
</testsuite> <!-- StepDefinitions.LoginDemoSetps -->
