<?xml version="1.0" encoding="UTF-8"?>
<!-- Generated by org.testng.reporters.JUnitReportReporter -->
<testsuite skipped="0" hostname="igalarza" name="Runner.TestRunner" tests="1" failures="0" timestamp="01 mar 2021 23:06:24 GMT" time="0.206" errors="0">
  <testcase name="feature" time="0.206" classname="Runner.TestRunner"/>
</testsuite> <!-- Runner.TestRunner -->
