<?xml version="1.0" encoding="UTF-8"?>
<!-- Generated by org.testng.reporters.JUnitReportReporter -->
<testsuite skipped="0" hostname="igalarza" name="com.igalarza.lab6.TestCase2" tests="1" failures="0" timestamp="2021-02-18T22:17:29 BOT" time="16.300" errors="0">
  <testcase name="validarBusqueda" time="16.300" classname="com.igalarza.lab6.TestCase2"/>
  <system-out/>
</testsuite> <!-- com.igalarza.lab6.TestCase2 -->
