<?xml version="1.0" encoding="UTF-8"?>
<!-- Generated by org.testng.reporters.JUnitReportReporter -->
<testsuite skipped="0" hostname="igalarza" name="com.igalarza.testng.TestNGCaseDemo2" tests="8" failures="0" timestamp="2021-02-19T19:37:42 BOT" time="0.058" errors="0">
  <testcase name="miPrueba2" time="0.017" classname="com.igalarza.testng.TestNGCaseDemo2"/>
  <system-out/>
  <testcase name="miPrueba2" time="0.017" classname="com.igalarza.testng.TestNGCaseDemo2"/>
  <system-out/>
  <testcase name="miPrueba2" time="0.016" classname="com.igalarza.testng.TestNGCaseDemo2"/>
  <system-out/>
  <testcase name="d_miPrueba2" time="0.002" classname="com.igalarza.testng.TestNGCaseDemo2"/>
  <system-out/>
  <testcase name="c_miPrueba2" time="0.002" classname="com.igalarza.testng.TestNGCaseDemo2"/>
  <system-out/>
  <testcase name="b_miPrueba2" time="0.000" classname="com.igalarza.testng.TestNGCaseDemo2"/>
  <system-out/>
  <testcase name="a_miPrueba2" time="0.002" classname="com.igalarza.testng.TestNGCaseDemo2"/>
  <system-out/>
  <testcase name="x_miPrueba2" time="0.002" classname="com.igalarza.testng.TestNGCaseDemo2"/>
  <system-out/>
</testsuite> <!-- com.igalarza.testng.TestNGCaseDemo2 -->
